2025-08-30 00:45:06 [main] INFO  c.a.g.GreenSuiteTestApplication - Starting GreenSuiteTestApplication using Java 21.0.2 with PID 26796 (C:\intelli j projects\GreenSuite_BackEnd\target\classes started by wthut in C:\intelli j projects\GreenSuite_BackEnd)
2025-08-30 00:45:06 [main] DEBUG c.a.g.GreenSuiteTestApplication - Running with Spring Boot v3.5.3, Spring v6.2.8
2025-08-30 00:45:06 [main] INFO  c.a.g.GreenSuiteTestApplication - No active profile set, falling back to 1 default profile: "default"
2025-08-30 00:45:08 [main] INFO  o.s.d.r.c.RepositoryConfigurationDelegate - Multiple Spring Data modules found, entering strict repository configuration mode
2025-08-30 00:45:08 [main] INFO  o.s.d.r.c.RepositoryConfigurationDelegate - Bootstrapping Spring Data MongoDB repositories in DEFAULT mode.
2025-08-30 00:45:08 [main] INFO  o.s.d.r.c.RepositoryConfigurationDelegate - Finished Spring Data repository scanning in 234 ms. Found 6 MongoDB repository interfaces.
2025-08-30 00:45:09 [main] INFO  o.s.d.r.c.RepositoryConfigurationDelegate - Multiple Spring Data modules found, entering strict repository configuration mode
2025-08-30 00:45:09 [main] INFO  o.s.d.r.c.RepositoryConfigurationDelegate - Bootstrapping Spring Data JPA repositories in DEFAULT mode.
2025-08-30 00:45:09 [main] INFO  o.s.d.r.c.RepositoryConfigurationExtensionSupport - Spring Data JPA - Could not safely identify store assignment for repository candidate interface com.app.greensuitetest.repository.CarbonActivityRepository; If you want this repository to be a JPA repository, consider annotating your entities with one of these annotations: jakarta.persistence.Entity, jakarta.persistence.MappedSuperclass (preferred), or consider extending one of the following types with your repository: org.springframework.data.jpa.repository.JpaRepository
2025-08-30 00:45:09 [main] INFO  o.s.d.r.c.RepositoryConfigurationExtensionSupport - Spring Data JPA - Could not safely identify store assignment for repository candidate interface com.app.greensuitetest.repository.CarbonGoalRepository; If you want this repository to be a JPA repository, consider annotating your entities with one of these annotations: jakarta.persistence.Entity, jakarta.persistence.MappedSuperclass (preferred), or consider extending one of the following types with your repository: org.springframework.data.jpa.repository.JpaRepository
2025-08-30 00:45:09 [main] INFO  o.s.d.r.c.RepositoryConfigurationExtensionSupport - Spring Data JPA - Could not safely identify store assignment for repository candidate interface com.app.greensuitetest.repository.CarbonTotalRepository; If you want this repository to be a JPA repository, consider annotating your entities with one of these annotations: jakarta.persistence.Entity, jakarta.persistence.MappedSuperclass (preferred), or consider extending one of the following types with your repository: org.springframework.data.jpa.repository.JpaRepository
2025-08-30 00:45:09 [main] INFO  o.s.d.r.c.RepositoryConfigurationExtensionSupport - Spring Data JPA - Could not safely identify store assignment for repository candidate interface com.app.greensuitetest.repository.CompanyRepository; If you want this repository to be a JPA repository, consider annotating your entities with one of these annotations: jakarta.persistence.Entity, jakarta.persistence.MappedSuperclass (preferred), or consider extending one of the following types with your repository: org.springframework.data.jpa.repository.JpaRepository
2025-08-30 00:45:09 [main] INFO  o.s.d.r.c.RepositoryConfigurationExtensionSupport - Spring Data JPA - Could not safely identify store assignment for repository candidate interface com.app.greensuitetest.repository.CreditTransactionRepository; If you want this repository to be a JPA repository, consider annotating your entities with one of these annotations: jakarta.persistence.Entity, jakarta.persistence.MappedSuperclass (preferred), or consider extending one of the following types with your repository: org.springframework.data.jpa.repository.JpaRepository
2025-08-30 00:45:09 [main] INFO  o.s.d.r.c.RepositoryConfigurationExtensionSupport - Spring Data JPA - Could not safely identify store assignment for repository candidate interface com.app.greensuitetest.repository.UserRepository; If you want this repository to be a JPA repository, consider annotating your entities with one of these annotations: jakarta.persistence.Entity, jakarta.persistence.MappedSuperclass (preferred), or consider extending one of the following types with your repository: org.springframework.data.jpa.repository.JpaRepository
2025-08-30 00:45:09 [main] INFO  o.s.d.r.c.RepositoryConfigurationDelegate - Finished Spring Data repository scanning in 30 ms. Found 0 JPA repository interfaces.
2025-08-30 00:45:09 [main] INFO  o.s.d.r.c.RepositoryConfigurationDelegate - Multiple Spring Data modules found, entering strict repository configuration mode
2025-08-30 00:45:09 [main] INFO  o.s.d.r.c.RepositoryConfigurationDelegate - Bootstrapping Spring Data Redis repositories in DEFAULT mode.
2025-08-30 00:45:09 [main] INFO  o.s.d.r.c.RepositoryConfigurationExtensionSupport - Spring Data Redis - Could not safely identify store assignment for repository candidate interface com.app.greensuitetest.repository.CarbonActivityRepository; If you want this repository to be a Redis repository, consider annotating your entities with one of these annotations: org.springframework.data.redis.core.RedisHash (preferred), or consider extending one of the following types with your repository: org.springframework.data.keyvalue.repository.KeyValueRepository
2025-08-30 00:45:09 [main] INFO  o.s.d.r.c.RepositoryConfigurationExtensionSupport - Spring Data Redis - Could not safely identify store assignment for repository candidate interface com.app.greensuitetest.repository.CarbonGoalRepository; If you want this repository to be a Redis repository, consider annotating your entities with one of these annotations: org.springframework.data.redis.core.RedisHash (preferred), or consider extending one of the following types with your repository: org.springframework.data.keyvalue.repository.KeyValueRepository
2025-08-30 00:45:09 [main] INFO  o.s.d.r.c.RepositoryConfigurationExtensionSupport - Spring Data Redis - Could not safely identify store assignment for repository candidate interface com.app.greensuitetest.repository.CarbonTotalRepository; If you want this repository to be a Redis repository, consider annotating your entities with one of these annotations: org.springframework.data.redis.core.RedisHash (preferred), or consider extending one of the following types with your repository: org.springframework.data.keyvalue.repository.KeyValueRepository
2025-08-30 00:45:09 [main] INFO  o.s.d.r.c.RepositoryConfigurationExtensionSupport - Spring Data Redis - Could not safely identify store assignment for repository candidate interface com.app.greensuitetest.repository.CompanyRepository; If you want this repository to be a Redis repository, consider annotating your entities with one of these annotations: org.springframework.data.redis.core.RedisHash (preferred), or consider extending one of the following types with your repository: org.springframework.data.keyvalue.repository.KeyValueRepository
2025-08-30 00:45:09 [main] INFO  o.s.d.r.c.RepositoryConfigurationExtensionSupport - Spring Data Redis - Could not safely identify store assignment for repository candidate interface com.app.greensuitetest.repository.CreditTransactionRepository; If you want this repository to be a Redis repository, consider annotating your entities with one of these annotations: org.springframework.data.redis.core.RedisHash (preferred), or consider extending one of the following types with your repository: org.springframework.data.keyvalue.repository.KeyValueRepository
2025-08-30 00:45:09 [main] INFO  o.s.d.r.c.RepositoryConfigurationExtensionSupport - Spring Data Redis - Could not safely identify store assignment for repository candidate interface com.app.greensuitetest.repository.UserRepository; If you want this repository to be a Redis repository, consider annotating your entities with one of these annotations: org.springframework.data.redis.core.RedisHash (preferred), or consider extending one of the following types with your repository: org.springframework.data.keyvalue.repository.KeyValueRepository
2025-08-30 00:45:09 [main] INFO  o.s.d.r.c.RepositoryConfigurationDelegate - Finished Spring Data repository scanning in 12 ms. Found 0 Redis repository interfaces.
2025-08-30 00:45:10 [main] INFO  o.s.b.w.e.tomcat.TomcatWebServer - Tomcat initialized with port 8080 (http)
2025-08-30 00:45:10 [main] INFO  o.a.catalina.core.StandardService - Starting service [Tomcat]
2025-08-30 00:45:10 [main] INFO  o.a.catalina.core.StandardEngine - Starting Servlet engine: [Apache Tomcat/10.1.42]
2025-08-30 00:45:10 [main] INFO  o.a.c.c.C.[Tomcat].[localhost].[/] - Initializing Spring embedded WebApplicationContext
2025-08-30 00:45:10 [main] INFO  o.s.b.w.s.c.ServletWebServerApplicationContext - Root WebApplicationContext: initialization completed in 4038 ms
2025-08-30 00:45:11 [main] INFO  org.mongodb.driver.client - MongoClient with metadata {"driver": {"name": "mongo-java-driver|sync", "version": "5.5.1"}, "os": {"type": "Windows", "name": "Windows 11", "architecture": "amd64", "version": "10.0"}, "platform": "Java/Oracle Corporation/21.0.2+13-LTS-58"} created with settings MongoClientSettings{readPreference=primary, writeConcern=WriteConcern{w=null, wTimeout=null ms, journal=null}, retryWrites=true, retryReads=true, readConcern=ReadConcern{level=null}, credential=null, transportSettings=null, commandListeners=[], codecRegistry=ProvidersCodecRegistry{codecProviders=[ValueCodecProvider{}, BsonValueCodecProvider{}, DBRefCodecProvider{}, DBObjectCodecProvider{}, DocumentCodecProvider{}, CollectionCodecProvider{}, IterableCodecProvider{}, MapCodecProvider{}, GeoJsonCodecProvider{}, GridFSFileCodecProvider{}, Jsr310CodecProvider{}, JsonObjectCodecProvider{}, BsonCodecProvider{}, EnumCodecProvider{}, com.mongodb.client.model.mql.ExpressionCodecProvider@2aa811f9, com.mongodb.Jep395RecordCodecProvider@66abb2fa, com.mongodb.KotlinCodecProvider@7d4da729]}, loggerSettings=LoggerSettings{maxDocumentLength=1000}, clusterSettings={hosts=[localhost:27017], srvServiceName=mongodb, mode=SINGLE, requiredClusterType=UNKNOWN, requiredReplicaSetName='null', serverSelector='null', clusterListeners='[]', serverSelectionTimeout='30000 ms', localThreshold='15 ms'}, socketSettings=SocketSettings{connectTimeoutMS=10000, readTimeoutMS=0, receiveBufferSize=0, proxySettings=ProxySettings{host=null, port=null, username=null, password=null}}, heartbeatSocketSettings=SocketSettings{connectTimeoutMS=10000, readTimeoutMS=10000, receiveBufferSize=0, proxySettings=ProxySettings{host=null, port=null, username=null, password=null}}, connectionPoolSettings=ConnectionPoolSettings{maxSize=100, minSize=0, maxWaitTimeMS=120000, maxConnectionLifeTimeMS=0, maxConnectionIdleTimeMS=0, maintenanceInitialDelayMS=0, maintenanceFrequencyMS=60000, connectionPoolListeners=[], maxConnecting=2}, serverSettings=ServerSettings{heartbeatFrequencyMS=10000, minHeartbeatFrequencyMS=500, serverMonitoringMode=AUTO, serverListeners='[]', serverMonitorListeners='[]'}, sslSettings=SslSettings{enabled=false, invalidHostNameAllowed=false, context=null}, applicationName='null', compressorList=[], uuidRepresentation=UNSPECIFIED, serverApi=null, autoEncryptionSettings=null, dnsClient=null, inetAddressResolver=null, contextProvider=null, timeoutMS=null}
2025-08-30 00:45:11 [cluster-ClusterId{value='68b1ee2f3b6cacd9d7b44619', description='null'}-localhost:27017] INFO  org.mongodb.driver.cluster - Monitor thread successfully connected to server with description ServerDescription{address=localhost:27017, type=STANDALONE, cryptd=false, state=CONNECTED, ok=true, minWireVersion=0, maxWireVersion=25, maxDocumentSize=16777216, logicalSessionTimeoutMinutes=30, roundTripTimeNanos=52595100, minRoundTripTimeNanos=0}
2025-08-30 00:45:12 [main] DEBUG c.a.g.s.JwtAuthenticationFilter - Filter 'jwtAuthenticationFilter' configured for use
2025-08-30 00:45:12 [main] INFO  com.zaxxer.hikari.HikariDataSource - HikariPool-1 - Starting...
2025-08-30 00:45:12 [main] INFO  com.zaxxer.hikari.pool.HikariPool - HikariPool-1 - Added connection org.postgresql.jdbc.PgConnection@6fd2acf5
2025-08-30 00:45:12 [main] INFO  com.zaxxer.hikari.HikariDataSource - HikariPool-1 - Start completed.
2025-08-30 00:45:12 [main] INFO  o.h.jpa.internal.util.LogHelper - HHH000204: Processing PersistenceUnitInfo [name: default]
2025-08-30 00:45:12 [main] INFO  org.hibernate.Version - HHH000412: Hibernate ORM core version 6.6.18.Final
2025-08-30 00:45:12 [main] INFO  o.h.c.i.RegionFactoryInitiator - HHH000026: Second-level cache disabled
2025-08-30 00:45:14 [main] INFO  o.s.o.j.p.SpringPersistenceUnitInfo - No LoadTimeWeaver setup: ignoring JPA class transformer
2025-08-30 00:45:14 [main] INFO  o.hibernate.orm.connections.pooling - HHH10001005: Database info:
	Database JDBC URL [Connecting through datasource 'HikariDataSource (HikariPool-1)']
	Database driver: undefined/unknown
	Database version: 17.5
	Autocommit mode: undefined/unknown
	Isolation level: undefined/unknown
	Minimum pool size: undefined/unknown
	Maximum pool size: undefined/unknown
2025-08-30 00:45:16 [main] INFO  o.h.e.t.j.p.i.JtaPlatformInitiator - HHH000489: No JTA platform available (set 'hibernate.transaction.jta.platform' to enable JTA platform integration)
2025-08-30 00:45:16 [main] INFO  o.s.o.j.LocalContainerEntityManagerFactoryBean - Initialized JPA EntityManagerFactory for persistence unit 'default'
2025-08-30 00:45:16 [main] INFO  c.a.g.config.DataInitializer - Initializing default data...
2025-08-30 00:45:16 [main] INFO  c.a.g.config.DataInitializer - Default admin user already exists
2025-08-30 00:45:18 [main] INFO  org.mongodb.driver.client - MongoClient with metadata {"application": {"name": "Cluster0"}, "driver": {"name": "mongo-java-driver|sync", "version": "5.5.1"}, "os": {"type": "Windows", "name": "Windows 11", "architecture": "amd64", "version": "10.0"}, "platform": "Java/Oracle Corporation/21.0.2+13-LTS-58"} created with settings MongoClientSettings{readPreference=primary, writeConcern=WriteConcern{w=majority, wTimeout=null ms, journal=null}, retryWrites=true, retryReads=true, readConcern=ReadConcern{level=null}, credential=MongoCredential{mechanism=null, userName='root', source='admin', password=<hidden>, mechanismProperties=<hidden>}, transportSettings=null, commandListeners=[], codecRegistry=ProvidersCodecRegistry{codecProviders=[ValueCodecProvider{}, BsonValueCodecProvider{}, DBRefCodecProvider{}, DBObjectCodecProvider{}, DocumentCodecProvider{}, CollectionCodecProvider{}, IterableCodecProvider{}, MapCodecProvider{}, GeoJsonCodecProvider{}, GridFSFileCodecProvider{}, Jsr310CodecProvider{}, JsonObjectCodecProvider{}, BsonCodecProvider{}, EnumCodecProvider{}, com.mongodb.client.model.mql.ExpressionCodecProvider@2aa811f9, com.mongodb.Jep395RecordCodecProvider@66abb2fa, com.mongodb.KotlinCodecProvider@7d4da729]}, loggerSettings=LoggerSettings{maxDocumentLength=1000}, clusterSettings={hosts=[127.0.0.1:27017], srvHost=cluster0.x4nrisn.mongodb.net, srvServiceName=mongodb, mode=MULTIPLE, requiredClusterType=REPLICA_SET, requiredReplicaSetName='atlas-8yvsud-shard-0', serverSelector='null', clusterListeners='[]', serverSelectionTimeout='30000 ms', localThreshold='15 ms'}, socketSettings=SocketSettings{connectTimeoutMS=10000, readTimeoutMS=0, receiveBufferSize=0, proxySettings=ProxySettings{host=null, port=null, username=null, password=null}}, heartbeatSocketSettings=SocketSettings{connectTimeoutMS=10000, readTimeoutMS=10000, receiveBufferSize=0, proxySettings=ProxySettings{host=null, port=null, username=null, password=null}}, connectionPoolSettings=ConnectionPoolSettings{maxSize=100, minSize=0, maxWaitTimeMS=120000, maxConnectionLifeTimeMS=0, maxConnectionIdleTimeMS=0, maintenanceInitialDelayMS=0, maintenanceFrequencyMS=60000, connectionPoolListeners=[], maxConnecting=2}, serverSettings=ServerSettings{heartbeatFrequencyMS=10000, minHeartbeatFrequencyMS=500, serverMonitoringMode=AUTO, serverListeners='[]', serverMonitorListeners='[]'}, sslSettings=SslSettings{enabled=true, invalidHostNameAllowed=false, context=null}, applicationName='Cluster0', compressorList=[], uuidRepresentation=UNSPECIFIED, serverApi=null, autoEncryptionSettings=null, dnsClient=null, inetAddressResolver=null, contextProvider=null, timeoutMS=null}
2025-08-30 00:45:18 [cluster-ClusterId{value='68b1ee363b6cacd9d7b4461a', description='Cluster0'}-srv-cluster0.x4nrisn.mongodb.net] INFO  org.mongodb.driver.cluster - Adding discovered server ac-94cpy3r-shard-00-00.x4nrisn.mongodb.net:27017 to client view of cluster
2025-08-30 00:45:18 [cluster-ClusterId{value='68b1ee363b6cacd9d7b4461a', description='Cluster0'}-srv-cluster0.x4nrisn.mongodb.net] INFO  org.mongodb.driver.cluster - Adding discovered server ac-94cpy3r-shard-00-01.x4nrisn.mongodb.net:27017 to client view of cluster
2025-08-30 00:45:18 [cluster-ClusterId{value='68b1ee363b6cacd9d7b4461a', description='Cluster0'}-srv-cluster0.x4nrisn.mongodb.net] INFO  org.mongodb.driver.cluster - Adding discovered server ac-94cpy3r-shard-00-02.x4nrisn.mongodb.net:27017 to client view of cluster
2025-08-30 00:45:18 [main] INFO  org.mongodb.driver.cluster - Waiting for server to become available for operation with ID 10. Remaining time: 29996 ms. Selector: ReadPreferenceServerSelector{readPreference=primary}, topology description: {type=REPLICA_SET, servers=[{address=ac-94cpy3r-shard-00-02.x4nrisn.mongodb.net:27017, type=UNKNOWN, state=CONNECTING}, {address=ac-94cpy3r-shard-00-00.x4nrisn.mongodb.net:27017, type=UNKNOWN, state=CONNECTING}, {address=ac-94cpy3r-shard-00-01.x4nrisn.mongodb.net:27017, type=UNKNOWN, state=CONNECTING}].
2025-08-30 00:45:19 [cluster-ClusterId{value='68b1ee363b6cacd9d7b4461a', description='Cluster0'}-ac-94cpy3r-shard-00-01.x4nrisn.mongodb.net:27017] INFO  org.mongodb.driver.cluster - Monitor thread successfully connected to server with description ServerDescription{address=ac-94cpy3r-shard-00-01.x4nrisn.mongodb.net:27017, type=REPLICA_SET_SECONDARY, cryptd=false, state=CONNECTED, ok=true, minWireVersion=0, maxWireVersion=25, maxDocumentSize=16777216, logicalSessionTimeoutMinutes=30, roundTripTimeNanos=369938800, minRoundTripTimeNanos=0, setName='atlas-8yvsud-shard-0', canonicalAddress=ac-94cpy3r-shard-00-01.x4nrisn.mongodb.net:27017, hosts=[ac-94cpy3r-shard-00-01.x4nrisn.mongodb.net:27017, ac-94cpy3r-shard-00-00.x4nrisn.mongodb.net:27017, ac-94cpy3r-shard-00-02.x4nrisn.mongodb.net:27017], passives=[], arbiters=[], primary='ac-94cpy3r-shard-00-02.x4nrisn.mongodb.net:27017', tagSet=TagSet{[Tag{name='availabilityZone', value='apse1-az1'}, Tag{name='diskState', value='READY'}, Tag{name='nodeType', value='ELECTABLE'}, Tag{name='provider', value='AWS'}, Tag{name='region', value='AP_SOUTHEAST_1'}, Tag{name='workloadType', value='OPERATIONAL'}]}, electionId=null, setVersion=457, topologyVersion=TopologyVersion{processId=68ae011c17d30c94c146a3a7, counter=3}, lastWriteDate=Sat Aug 30 00:48:01 MMT 2025, lastUpdateTimeNanos=282109512812000}
2025-08-30 00:45:19 [cluster-ClusterId{value='68b1ee363b6cacd9d7b4461a', description='Cluster0'}-ac-94cpy3r-shard-00-00.x4nrisn.mongodb.net:27017] INFO  org.mongodb.driver.cluster - Monitor thread successfully connected to server with description ServerDescription{address=ac-94cpy3r-shard-00-00.x4nrisn.mongodb.net:27017, type=REPLICA_SET_SECONDARY, cryptd=false, state=CONNECTED, ok=true, minWireVersion=0, maxWireVersion=25, maxDocumentSize=16777216, logicalSessionTimeoutMinutes=30, roundTripTimeNanos=367775300, minRoundTripTimeNanos=0, setName='atlas-8yvsud-shard-0', canonicalAddress=ac-94cpy3r-shard-00-00.x4nrisn.mongodb.net:27017, hosts=[ac-94cpy3r-shard-00-01.x4nrisn.mongodb.net:27017, ac-94cpy3r-shard-00-00.x4nrisn.mongodb.net:27017, ac-94cpy3r-shard-00-02.x4nrisn.mongodb.net:27017], passives=[], arbiters=[], primary='ac-94cpy3r-shard-00-02.x4nrisn.mongodb.net:27017', tagSet=TagSet{[Tag{name='availabilityZone', value='apse1-az2'}, Tag{name='diskState', value='READY'}, Tag{name='nodeType', value='ELECTABLE'}, Tag{name='provider', value='AWS'}, Tag{name='region', value='AP_SOUTHEAST_1'}, Tag{name='workloadType', value='OPERATIONAL'}]}, electionId=null, setVersion=457, topologyVersion=TopologyVersion{processId=68adfafb0338bc73b67408af, counter=4}, lastWriteDate=Sat Aug 30 00:48:01 MMT 2025, lastUpdateTimeNanos=282109512707100}
2025-08-30 00:45:19 [cluster-ClusterId{value='68b1ee363b6cacd9d7b4461a', description='Cluster0'}-ac-94cpy3r-shard-00-02.x4nrisn.mongodb.net:27017] INFO  org.mongodb.driver.cluster - Monitor thread successfully connected to server with description ServerDescription{address=ac-94cpy3r-shard-00-02.x4nrisn.mongodb.net:27017, type=REPLICA_SET_PRIMARY, cryptd=false, state=CONNECTED, ok=true, minWireVersion=0, maxWireVersion=25, maxDocumentSize=16777216, logicalSessionTimeoutMinutes=30, roundTripTimeNanos=369939100, minRoundTripTimeNanos=0, setName='atlas-8yvsud-shard-0', canonicalAddress=ac-94cpy3r-shard-00-02.x4nrisn.mongodb.net:27017, hosts=[ac-94cpy3r-shard-00-01.x4nrisn.mongodb.net:27017, ac-94cpy3r-shard-00-00.x4nrisn.mongodb.net:27017, ac-94cpy3r-shard-00-02.x4nrisn.mongodb.net:27017], passives=[], arbiters=[], primary='ac-94cpy3r-shard-00-02.x4nrisn.mongodb.net:27017', tagSet=TagSet{[Tag{name='availabilityZone', value='apse1-az3'}, Tag{name='diskState', value='READY'}, Tag{name='nodeType', value='ELECTABLE'}, Tag{name='provider', value='AWS'}, Tag{name='region', value='AP_SOUTHEAST_1'}, Tag{name='workloadType', value='OPERATIONAL'}]}, electionId=7fffffff0000000000000367, setVersion=457, topologyVersion=TopologyVersion{processId=68adfe31c07b455a5f85b9f6, counter=6}, lastWriteDate=Sat Aug 30 00:48:01 MMT 2025, lastUpdateTimeNanos=282109512811900}
2025-08-30 00:45:19 [cluster-ClusterId{value='68b1ee363b6cacd9d7b4461a', description='Cluster0'}-ac-94cpy3r-shard-00-02.x4nrisn.mongodb.net:27017] INFO  org.mongodb.driver.cluster - Discovered replica set primary ac-94cpy3r-shard-00-02.x4nrisn.mongodb.net:27017 with max election id 7fffffff0000000000000367 and max set version 457
2025-08-30 00:45:22 [main] INFO  o.s.s.c.a.a.c.InitializeUserDetailsBeanManagerConfigurer$InitializeUserDetailsManagerConfigurer - Global AuthenticationManager configured with UserDetailsService bean with name customUserDetailsService
2025-08-30 00:45:22 [main] INFO  c.a.g.s.DocumentIngestionService - Starting enhanced document ingestion process...
2025-08-30 00:45:22 [main] DEBUG c.a.g.s.DocumentIngestionService - Vector store contains documents: true
2025-08-30 00:45:22 [main] INFO  c.a.g.s.DocumentIngestionService - Documents already exist in vector store. Skipping ingestion. Set app.document.ingestion.force-reingest=true to force re-ingestion.
2025-08-30 00:45:22 [main] WARN  o.s.b.a.o.j.JpaBaseConfiguration$JpaWebConfiguration - spring.jpa.open-in-view is enabled by default. Therefore, database queries may be performed during view rendering. Explicitly configure spring.jpa.open-in-view to disable this warning
2025-08-30 00:45:23 [main] INFO  o.s.b.a.e.web.EndpointLinksResolver - Exposing 3 endpoints beneath base path '/actuator'
2025-08-30 00:45:24 [main] INFO  o.s.b.w.e.tomcat.TomcatWebServer - Tomcat started on port 8080 (http) with context path '/'
2025-08-30 00:45:24 [main] INFO  c.a.g.GreenSuiteTestApplication - Started GreenSuiteTestApplication in 18.676 seconds (process running for 19.255)
2025-08-30 00:45:25 [main] INFO  c.a.g.c.DatabaseOptimizationConfig - Starting database optimization...
2025-08-30 00:45:25 [main] INFO  c.a.g.c.DatabaseOptimizationConfig - Optimizing PostgreSQL database...
2025-08-30 00:45:25 [main] INFO  c.a.g.c.DatabaseOptimizationConfig - Chat memory table not found, skipping index creation: StatementCallback; bad SQL grammar [SELECT COUNT(*) FROM chat_memory LIMIT 1]
2025-08-30 00:45:25 [main] INFO  c.a.g.c.DatabaseOptimizationConfig - PostgreSQL performance parameters set
2025-08-30 00:45:25 [main] INFO  c.a.g.c.DatabaseOptimizationConfig - PostgreSQL optimization completed
2025-08-30 00:45:25 [main] INFO  c.a.g.c.DatabaseOptimizationConfig - Optimizing MongoDB Local database...
2025-08-30 00:45:25 [main] INFO  c.a.g.c.DatabaseOptimizationConfig - Users email index already exists or failed: Command failed with error 85 (IndexOptionsConflict): 'Index already exists with a different name: email' on server localhost:27017. The full response is {"ok": 0.0, "errmsg": "Index already exists with a different name: email", "code": 85, "codeName": "IndexOptionsConflict"}
2025-08-30 00:45:25 [main] INFO  c.a.g.c.DatabaseOptimizationConfig - Users username index already exists or failed: Command failed with error 85 (IndexOptionsConflict): 'Index already exists with a different name: user_name' on server localhost:27017. The full response is {"ok": 0.0, "errmsg": "Index already exists with a different name: user_name", "code": 85, "codeName": "IndexOptionsConflict"}
2025-08-30 00:45:25 [main] INFO  c.a.g.c.DatabaseOptimizationConfig - Users company_id index created/verified
2025-08-30 00:45:25 [main] INFO  c.a.g.c.DatabaseOptimizationConfig - Companies name index already exists or failed: Command failed with error 85 (IndexOptionsConflict): 'Index already exists with a different name: name' on server localhost:27017. The full response is {"ok": 0.0, "errmsg": "Index already exists with a different name: name", "code": 85, "codeName": "IndexOptionsConflict"}
2025-08-30 00:45:25 [main] INFO  c.a.g.c.DatabaseOptimizationConfig - Carbon activities company_id index created/verified
2025-08-30 00:45:25 [main] INFO  c.a.g.c.DatabaseOptimizationConfig - Carbon activities user_id index created/verified
2025-08-30 00:45:25 [main] INFO  c.a.g.c.DatabaseOptimizationConfig - Carbon activities timestamp index created/verified
2025-08-30 00:45:25 [main] INFO  c.a.g.c.DatabaseOptimizationConfig - Carbon activities composite index created/verified
2025-08-30 00:45:25 [main] INFO  c.a.g.c.DatabaseOptimizationConfig - Users subscription tier index created/verified
2025-08-30 00:45:25 [main] INFO  c.a.g.c.DatabaseOptimizationConfig - MongoDB Local optimization completed
2025-08-30 00:45:25 [main] INFO  c.a.g.c.DatabaseOptimizationConfig - Database optimization completed successfully!
2025-08-30 00:45:25 [scheduling-1] INFO  c.a.g.s.PerformanceMonitoringService - === PERFORMANCE METRICS ===
2025-08-30 00:45:25 [scheduling-1] INFO  c.a.g.s.PerformanceMonitoringService - Total Requests: 0
2025-08-30 00:45:25 [scheduling-1] INFO  c.a.g.s.PerformanceMonitoringService - Cache Hit Rate: 0.0%
2025-08-30 00:45:25 [scheduling-1] INFO  c.a.g.s.PerformanceMonitoringService - Redis Operations: 0
2025-08-30 00:45:25 [scheduling-1] INFO  c.a.g.s.PerformanceMonitoringService - Redis Status: healthy
2025-08-30 00:45:25 [scheduling-1] INFO  c.a.g.s.PerformanceMonitoringService - Redis Response Time: 1001ms
2025-08-30 00:50:21 [HikariPool-1:housekeeper] WARN  c.zaxxer.hikari.pool.ProxyLeakTask - Connection leak detection triggered for org.postgresql.jdbc.PgConnection@6fd2acf5 on thread main, stack trace follows
java.lang.Exception: Apparent connection leak detected
	at com.zaxxer.hikari.HikariDataSource.getConnection(HikariDataSource.java:127)
	at org.springframework.ai.chat.memory.repository.jdbc.JdbcChatMemoryRepositoryDialect.from(JdbcChatMemoryRepositoryDialect.java:57)
	at org.springframework.ai.chat.memory.repository.jdbc.JdbcChatMemoryRepository$Builder.warnIfDialectMismatch(JdbcChatMemoryRepository.java:241)
	at org.springframework.ai.chat.memory.repository.jdbc.JdbcChatMemoryRepository$Builder.resolveDialect(JdbcChatMemoryRepository.java:230)
	at org.springframework.ai.chat.memory.repository.jdbc.JdbcChatMemoryRepository$Builder.build(JdbcChatMemoryRepository.java:195)
	at com.app.greensuitetest.config.ChatMemoryConfig.chatMemoryRepository(ChatMemoryConfig.java:23)
	at com.app.greensuitetest.config.ChatMemoryConfig$$SpringCGLIB$$0.CGLIB$chatMemoryRepository$0(<generated>)
	at com.app.greensuitetest.config.ChatMemoryConfig$$SpringCGLIB$$FastClass$$1.invoke(<generated>)
	at org.springframework.cglib.proxy.MethodProxy.invokeSuper(MethodProxy.java:258)
	at org.springframework.context.annotation.ConfigurationClassEnhancer$BeanMethodInterceptor.intercept(ConfigurationClassEnhancer.java:400)
	at com.app.greensuitetest.config.ChatMemoryConfig$$SpringCGLIB$$0.chatMemoryRepository(<generated>)
	at java.base/jdk.internal.reflect.DirectMethodHandleAccessor.invoke(DirectMethodHandleAccessor.java:103)
	at java.base/java.lang.reflect.Method.invoke(Method.java:580)
	at org.springframework.beans.factory.support.SimpleInstantiationStrategy.lambda$instantiate$0(SimpleInstantiationStrategy.java:171)
	at org.springframework.beans.factory.support.SimpleInstantiationStrategy.instantiateWithFactoryMethod(SimpleInstantiationStrategy.java:88)
	at org.springframework.beans.factory.support.SimpleInstantiationStrategy.instantiate(SimpleInstantiationStrategy.java:168)
	at org.springframework.beans.factory.support.ConstructorResolver.instantiate(ConstructorResolver.java:653)
	at org.springframework.beans.factory.support.ConstructorResolver.instantiateUsingFactoryMethod(ConstructorResolver.java:645)
	at org.springframework.beans.factory.support.AbstractAutowireCapableBeanFactory.instantiateUsingFactoryMethod(AbstractAutowireCapableBeanFactory.java:1375)
	at org.springframework.beans.factory.support.AbstractAutowireCapableBeanFactory.createBeanInstance(AbstractAutowireCapableBeanFactory.java:1205)
	at org.springframework.beans.factory.support.AbstractAutowireCapableBeanFactory.doCreateBean(AbstractAutowireCapableBeanFactory.java:569)
	at org.springframework.beans.factory.support.AbstractAutowireCapableBeanFactory.createBean(AbstractAutowireCapableBeanFactory.java:529)
	at org.springframework.beans.factory.support.AbstractBeanFactory.lambda$doGetBean$0(AbstractBeanFactory.java:339)
	at org.springframework.beans.factory.support.DefaultSingletonBeanRegistry.getSingleton(DefaultSingletonBeanRegistry.java:373)
	at org.springframework.beans.factory.support.AbstractBeanFactory.doGetBean(AbstractBeanFactory.java:337)
	at org.springframework.beans.factory.support.AbstractBeanFactory.getBean(AbstractBeanFactory.java:202)
	at org.springframework.beans.factory.support.DefaultListableBeanFactory.doResolveDependency(DefaultListableBeanFactory.java:1683)
	at org.springframework.beans.factory.support.DefaultListableBeanFactory.resolveDependency(DefaultListableBeanFactory.java:1628)
	at org.springframework.beans.factory.support.ConstructorResolver.resolveAutowiredArgument(ConstructorResolver.java:913)
	at org.springframework.beans.factory.support.ConstructorResolver.createArgumentArray(ConstructorResolver.java:791)
	at org.springframework.beans.factory.support.ConstructorResolver.instantiateUsingFactoryMethod(ConstructorResolver.java:546)
	at org.springframework.beans.factory.support.AbstractAutowireCapableBeanFactory.instantiateUsingFactoryMethod(AbstractAutowireCapableBeanFactory.java:1375)
	at org.springframework.beans.factory.support.AbstractAutowireCapableBeanFactory.createBeanInstance(AbstractAutowireCapableBeanFactory.java:1205)
	at org.springframework.beans.factory.support.AbstractAutowireCapableBeanFactory.doCreateBean(AbstractAutowireCapableBeanFactory.java:569)
	at org.springframework.beans.factory.support.AbstractAutowireCapableBeanFactory.createBean(AbstractAutowireCapableBeanFactory.java:529)
	at org.springframework.beans.factory.support.AbstractBeanFactory.lambda$doGetBean$0(AbstractBeanFactory.java:339)
	at org.springframework.beans.factory.support.DefaultSingletonBeanRegistry.getSingleton(DefaultSingletonBeanRegistry.java:373)
	at org.springframework.beans.factory.support.AbstractBeanFactory.doGetBean(AbstractBeanFactory.java:337)
	at org.springframework.beans.factory.support.AbstractBeanFactory.getBean(AbstractBeanFactory.java:202)
	at org.springframework.beans.factory.support.DefaultListableBeanFactory.doResolveDependency(DefaultListableBeanFactory.java:1683)
	at org.springframework.beans.factory.support.DefaultListableBeanFactory.resolveDependency(DefaultListableBeanFactory.java:1628)
	at org.springframework.beans.factory.support.ConstructorResolver.resolveAutowiredArgument(ConstructorResolver.java:913)
	at org.springframework.beans.factory.support.ConstructorResolver.createArgumentArray(ConstructorResolver.java:791)
	at org.springframework.beans.factory.support.ConstructorResolver.autowireConstructor(ConstructorResolver.java:240)
	at org.springframework.beans.factory.support.AbstractAutowireCapableBeanFactory.autowireConstructor(AbstractAutowireCapableBeanFactory.java:1395)
	at org.springframework.beans.factory.support.AbstractAutowireCapableBeanFactory.createBeanInstance(AbstractAutowireCapableBeanFactory.java:1232)
	at org.springframework.beans.factory.support.AbstractAutowireCapableBeanFactory.doCreateBean(AbstractAutowireCapableBeanFactory.java:569)
	at org.springframework.beans.factory.support.AbstractAutowireCapableBeanFactory.createBean(AbstractAutowireCapableBeanFactory.java:529)
	at org.springframework.beans.factory.support.AbstractBeanFactory.lambda$doGetBean$0(AbstractBeanFactory.java:339)
	at org.springframework.beans.factory.support.DefaultSingletonBeanRegistry.getSingleton(DefaultSingletonBeanRegistry.java:373)
	at org.springframework.beans.factory.support.AbstractBeanFactory.doGetBean(AbstractBeanFactory.java:337)
	at org.springframework.beans.factory.support.AbstractBeanFactory.getBean(AbstractBeanFactory.java:202)
	at org.springframework.beans.factory.config.DependencyDescriptor.resolveCandidate(DependencyDescriptor.java:254)
	at org.springframework.beans.factory.support.DefaultListableBeanFactory.doResolveDependency(DefaultListableBeanFactory.java:1745)
	at org.springframework.beans.factory.support.DefaultListableBeanFactory.resolveDependency(DefaultListableBeanFactory.java:1628)
	at org.springframework.beans.factory.support.ConstructorResolver.resolveAutowiredArgument(ConstructorResolver.java:913)
	at org.springframework.beans.factory.support.ConstructorResolver.createArgumentArray(ConstructorResolver.java:791)
	at org.springframework.beans.factory.support.ConstructorResolver.autowireConstructor(ConstructorResolver.java:240)
	at org.springframework.beans.factory.support.AbstractAutowireCapableBeanFactory.autowireConstructor(AbstractAutowireCapableBeanFactory.java:1395)
	at org.springframework.beans.factory.support.AbstractAutowireCapableBeanFactory.createBeanInstance(AbstractAutowireCapableBeanFactory.java:1232)
	at org.springframework.beans.factory.support.AbstractAutowireCapableBeanFactory.doCreateBean(AbstractAutowireCapableBeanFactory.java:569)
	at org.springframework.beans.factory.support.AbstractAutowireCapableBeanFactory.createBean(AbstractAutowireCapableBeanFactory.java:529)
	at org.springframework.beans.factory.support.AbstractBeanFactory.lambda$doGetBean$0(AbstractBeanFactory.java:339)
	at org.springframework.beans.factory.support.DefaultSingletonBeanRegistry.getSingleton(DefaultSingletonBeanRegistry.java:373)
	at org.springframework.beans.factory.support.AbstractBeanFactory.doGetBean(AbstractBeanFactory.java:337)
	at org.springframework.beans.factory.support.AbstractBeanFactory.getBean(AbstractBeanFactory.java:202)
	at org.springframework.beans.factory.support.DefaultListableBeanFactory.instantiateSingleton(DefaultListableBeanFactory.java:1222)
	at org.springframework.beans.factory.support.DefaultListableBeanFactory.preInstantiateSingleton(DefaultListableBeanFactory.java:1188)
	at org.springframework.beans.factory.support.DefaultListableBeanFactory.preInstantiateSingletons(DefaultListableBeanFactory.java:1123)
	at org.springframework.context.support.AbstractApplicationContext.finishBeanFactoryInitialization(AbstractApplicationContext.java:987)
	at org.springframework.context.support.AbstractApplicationContext.refresh(AbstractApplicationContext.java:627)
	at org.springframework.boot.web.servlet.context.ServletWebServerApplicationContext.refresh(ServletWebServerApplicationContext.java:146)
	at org.springframework.boot.SpringApplication.refresh(SpringApplication.java:752)
	at org.springframework.boot.SpringApplication.refreshContext(SpringApplication.java:439)
	at org.springframework.boot.SpringApplication.run(SpringApplication.java:318)
	at org.springframework.boot.SpringApplication.run(SpringApplication.java:1361)
	at org.springframework.boot.SpringApplication.run(SpringApplication.java:1350)
	at com.app.greensuitetest.GreenSuiteTestApplication.main(GreenSuiteTestApplication.java:13)
2025-08-30 00:50:24 [HikariPool-1:housekeeper] WARN  c.zaxxer.hikari.pool.ProxyLeakTask - Connection leak detection triggered for org.postgresql.jdbc.PgConnection@3a18fa73 on thread main, stack trace follows
java.lang.Exception: Apparent connection leak detected
	at com.zaxxer.hikari.HikariDataSource.getConnection(HikariDataSource.java:127)
	at org.springframework.ai.chat.memory.repository.jdbc.JdbcChatMemoryRepositoryDialect.from(JdbcChatMemoryRepositoryDialect.java:57)
	at org.springframework.ai.model.chat.memory.repository.jdbc.autoconfigure.JdbcChatMemoryRepositoryAutoConfiguration.jdbcChatMemoryRepository(JdbcChatMemoryRepositoryAutoConfiguration.java:48)
	at java.base/jdk.internal.reflect.DirectMethodHandleAccessor.invoke(DirectMethodHandleAccessor.java:103)
	at java.base/java.lang.reflect.Method.invoke(Method.java:580)
	at org.springframework.beans.factory.support.SimpleInstantiationStrategy.lambda$instantiate$0(SimpleInstantiationStrategy.java:171)
	at org.springframework.beans.factory.support.SimpleInstantiationStrategy.instantiateWithFactoryMethod(SimpleInstantiationStrategy.java:88)
	at org.springframework.beans.factory.support.SimpleInstantiationStrategy.instantiate(SimpleInstantiationStrategy.java:168)
	at org.springframework.beans.factory.support.ConstructorResolver.instantiate(ConstructorResolver.java:653)
	at org.springframework.beans.factory.support.ConstructorResolver.instantiateUsingFactoryMethod(ConstructorResolver.java:645)
	at org.springframework.beans.factory.support.AbstractAutowireCapableBeanFactory.instantiateUsingFactoryMethod(AbstractAutowireCapableBeanFactory.java:1375)
	at org.springframework.beans.factory.support.AbstractAutowireCapableBeanFactory.createBeanInstance(AbstractAutowireCapableBeanFactory.java:1205)
	at org.springframework.beans.factory.support.AbstractAutowireCapableBeanFactory.doCreateBean(AbstractAutowireCapableBeanFactory.java:569)
	at org.springframework.beans.factory.support.AbstractAutowireCapableBeanFactory.createBean(AbstractAutowireCapableBeanFactory.java:529)
	at org.springframework.beans.factory.support.AbstractBeanFactory.lambda$doGetBean$0(AbstractBeanFactory.java:339)
	at org.springframework.beans.factory.support.DefaultSingletonBeanRegistry.getSingleton(DefaultSingletonBeanRegistry.java:373)
	at org.springframework.beans.factory.support.AbstractBeanFactory.doGetBean(AbstractBeanFactory.java:337)
	at org.springframework.beans.factory.support.AbstractBeanFactory.getBean(AbstractBeanFactory.java:202)
	at org.springframework.beans.factory.support.DefaultListableBeanFactory.instantiateSingleton(DefaultListableBeanFactory.java:1222)
	at org.springframework.beans.factory.support.DefaultListableBeanFactory.preInstantiateSingleton(DefaultListableBeanFactory.java:1188)
	at org.springframework.beans.factory.support.DefaultListableBeanFactory.preInstantiateSingletons(DefaultListableBeanFactory.java:1123)
	at org.springframework.context.support.AbstractApplicationContext.finishBeanFactoryInitialization(AbstractApplicationContext.java:987)
	at org.springframework.context.support.AbstractApplicationContext.refresh(AbstractApplicationContext.java:627)
	at org.springframework.boot.web.servlet.context.ServletWebServerApplicationContext.refresh(ServletWebServerApplicationContext.java:146)
	at org.springframework.boot.SpringApplication.refresh(SpringApplication.java:752)
	at org.springframework.boot.SpringApplication.refreshContext(SpringApplication.java:439)
	at org.springframework.boot.SpringApplication.run(SpringApplication.java:318)
	at org.springframework.boot.SpringApplication.run(SpringApplication.java:1361)
	at org.springframework.boot.SpringApplication.run(SpringApplication.java:1350)
	at com.app.greensuitetest.GreenSuiteTestApplication.main(GreenSuiteTestApplication.java:13)
2025-08-30 00:50:24 [HikariPool-1:housekeeper] WARN  c.zaxxer.hikari.pool.ProxyLeakTask - Connection leak detection triggered for org.postgresql.jdbc.PgConnection@66d3cf9d on thread main, stack trace follows
java.lang.Exception: Apparent connection leak detected
	at com.zaxxer.hikari.HikariDataSource.getConnection(HikariDataSource.java:127)
	at org.springframework.ai.chat.memory.repository.jdbc.JdbcChatMemoryRepositoryDialect.from(JdbcChatMemoryRepositoryDialect.java:57)
	at org.springframework.ai.chat.memory.repository.jdbc.JdbcChatMemoryRepository$Builder.warnIfDialectMismatch(JdbcChatMemoryRepository.java:241)
	at org.springframework.ai.chat.memory.repository.jdbc.JdbcChatMemoryRepository$Builder.resolveDialect(JdbcChatMemoryRepository.java:230)
	at org.springframework.ai.chat.memory.repository.jdbc.JdbcChatMemoryRepository$Builder.build(JdbcChatMemoryRepository.java:195)
	at org.springframework.ai.model.chat.memory.repository.jdbc.autoconfigure.JdbcChatMemoryRepositoryAutoConfiguration.jdbcChatMemoryRepository(JdbcChatMemoryRepositoryAutoConfiguration.java:49)
	at java.base/jdk.internal.reflect.DirectMethodHandleAccessor.invoke(DirectMethodHandleAccessor.java:103)
	at java.base/java.lang.reflect.Method.invoke(Method.java:580)
	at org.springframework.beans.factory.support.SimpleInstantiationStrategy.lambda$instantiate$0(SimpleInstantiationStrategy.java:171)
	at org.springframework.beans.factory.support.SimpleInstantiationStrategy.instantiateWithFactoryMethod(SimpleInstantiationStrategy.java:88)
	at org.springframework.beans.factory.support.SimpleInstantiationStrategy.instantiate(SimpleInstantiationStrategy.java:168)
	at org.springframework.beans.factory.support.ConstructorResolver.instantiate(ConstructorResolver.java:653)
	at org.springframework.beans.factory.support.ConstructorResolver.instantiateUsingFactoryMethod(ConstructorResolver.java:645)
	at org.springframework.beans.factory.support.AbstractAutowireCapableBeanFactory.instantiateUsingFactoryMethod(AbstractAutowireCapableBeanFactory.java:1375)
	at org.springframework.beans.factory.support.AbstractAutowireCapableBeanFactory.createBeanInstance(AbstractAutowireCapableBeanFactory.java:1205)
	at org.springframework.beans.factory.support.AbstractAutowireCapableBeanFactory.doCreateBean(AbstractAutowireCapableBeanFactory.java:569)
	at org.springframework.beans.factory.support.AbstractAutowireCapableBeanFactory.createBean(AbstractAutowireCapableBeanFactory.java:529)
	at org.springframework.beans.factory.support.AbstractBeanFactory.lambda$doGetBean$0(AbstractBeanFactory.java:339)
	at org.springframework.beans.factory.support.DefaultSingletonBeanRegistry.getSingleton(DefaultSingletonBeanRegistry.java:373)
	at org.springframework.beans.factory.support.AbstractBeanFactory.doGetBean(AbstractBeanFactory.java:337)
	at org.springframework.beans.factory.support.AbstractBeanFactory.getBean(AbstractBeanFactory.java:202)
	at org.springframework.beans.factory.support.DefaultListableBeanFactory.instantiateSingleton(DefaultListableBeanFactory.java:1222)
	at org.springframework.beans.factory.support.DefaultListableBeanFactory.preInstantiateSingleton(DefaultListableBeanFactory.java:1188)
	at org.springframework.beans.factory.support.DefaultListableBeanFactory.preInstantiateSingletons(DefaultListableBeanFactory.java:1123)
	at org.springframework.context.support.AbstractApplicationContext.finishBeanFactoryInitialization(AbstractApplicationContext.java:987)
	at org.springframework.context.support.AbstractApplicationContext.refresh(AbstractApplicationContext.java:627)
	at org.springframework.boot.web.servlet.context.ServletWebServerApplicationContext.refresh(ServletWebServerApplicationContext.java:146)
	at org.springframework.boot.SpringApplication.refresh(SpringApplication.java:752)
	at org.springframework.boot.SpringApplication.refreshContext(SpringApplication.java:439)
	at org.springframework.boot.SpringApplication.run(SpringApplication.java:318)
	at org.springframework.boot.SpringApplication.run(SpringApplication.java:1361)
	at org.springframework.boot.SpringApplication.run(SpringApplication.java:1350)
	at com.app.greensuitetest.GreenSuiteTestApplication.main(GreenSuiteTestApplication.java:13)
2025-08-30 00:50:24 [scheduling-1] INFO  c.a.g.s.PerformanceMonitoringService - === PERFORMANCE METRICS ===
2025-08-30 00:50:24 [scheduling-1] INFO  c.a.g.s.PerformanceMonitoringService - Total Requests: 0
2025-08-30 00:50:24 [scheduling-1] INFO  c.a.g.s.PerformanceMonitoringService - Cache Hit Rate: 0.0%
2025-08-30 00:50:24 [scheduling-1] INFO  c.a.g.s.PerformanceMonitoringService - Redis Operations: 0
2025-08-30 00:50:24 [scheduling-1] INFO  c.a.g.s.PerformanceMonitoringService - Redis Status: healthy
2025-08-30 00:50:24 [scheduling-1] INFO  c.a.g.s.PerformanceMonitoringService - Redis Response Time: 4ms
2025-08-30 00:52:24 [http-nio-8080-exec-7] INFO  o.a.c.c.C.[Tomcat].[localhost].[/] - Initializing Spring DispatcherServlet 'dispatcherServlet'
2025-08-30 00:52:24 [http-nio-8080-exec-7] INFO  o.s.web.servlet.DispatcherServlet - Initializing Servlet 'dispatcherServlet'
2025-08-30 00:52:24 [http-nio-8080-exec-7] INFO  o.s.web.servlet.DispatcherServlet - Completed initialization in 2 ms
2025-08-30 00:52:24 [http-nio-8080-exec-3] WARN  c.a.greensuitetest.security.JwtUtil - Expired JWT token
2025-08-30 00:52:24 [http-nio-8080-exec-5] WARN  c.a.greensuitetest.security.JwtUtil - Expired JWT token
2025-08-30 00:53:52 [http-nio-8080-exec-8] DEBUG c.a.g.config.PerformanceInterceptor - Performance tracking started for endpoint: POST /api/auth/login
2025-08-30 00:53:53 [http-nio-8080-exec-8] DEBUG c.a.g.config.PerformanceInterceptor - Performance tracking completed for endpoint: POST /api/auth/login - 1318ms
2025-08-30 00:53:53 [http-nio-8080-exec-9] DEBUG c.a.g.config.PerformanceInterceptor - Performance tracking started for endpoint: GET /api/carbon/company/{id}a85e30b217d2e84df9b942/years
2025-08-30 00:53:53 [http-nio-8080-exec-9] DEBUG c.a.g.config.PerformanceInterceptor - Performance tracking completed for endpoint: GET /api/carbon/company/{id}a85e30b217d2e84df9b942/years - 36ms
2025-08-30 00:53:53 [http-nio-8080-exec-10] DEBUG c.a.g.config.PerformanceInterceptor - Performance tracking started for endpoint: GET /api/carbon/company/{id}a85e30b217d2e84df9b942/years
2025-08-30 00:53:53 [http-nio-8080-exec-10] DEBUG c.a.g.config.PerformanceInterceptor - Performance tracking completed for endpoint: GET /api/carbon/company/{id}a85e30b217d2e84df9b942/years - 6ms
2025-08-30 00:54:24 [http-nio-8080-exec-4] DEBUG c.a.g.config.PerformanceInterceptor - Performance tracking started for endpoint: GET /api/carbon/goals/submittedMonths
2025-08-30 00:54:24 [http-nio-8080-exec-4] DEBUG c.a.g.config.PerformanceInterceptor - Performance tracking completed for endpoint: GET /api/carbon/goals/submittedMonths - 24ms
2025-08-30 00:54:24 [http-nio-8080-exec-6] DEBUG c.a.g.config.PerformanceInterceptor - Performance tracking started for endpoint: GET /api/carbon/goals/submittedMonths
2025-08-30 00:54:24 [http-nio-8080-exec-6] DEBUG c.a.g.config.PerformanceInterceptor - Performance tracking completed for endpoint: GET /api/carbon/goals/submittedMonths - 9ms
2025-08-30 00:54:28 [http-nio-8080-exec-9] DEBUG c.a.g.config.PerformanceInterceptor - Performance tracking started for endpoint: GET /api/carbon/submitted-months
2025-08-30 00:54:28 [http-nio-8080-exec-9] DEBUG c.a.g.config.PerformanceInterceptor - Performance tracking completed for endpoint: GET /api/carbon/submitted-months - 29ms
2025-08-30 00:54:28 [http-nio-8080-exec-10] DEBUG c.a.g.config.PerformanceInterceptor - Performance tracking started for endpoint: GET /api/carbon/submitted-months
2025-08-30 00:54:28 [http-nio-8080-exec-10] DEBUG c.a.g.config.PerformanceInterceptor - Performance tracking completed for endpoint: GET /api/carbon/submitted-months - 11ms
2025-08-30 00:54:33 [http-nio-8080-exec-1] DEBUG c.a.g.config.PerformanceInterceptor - Performance tracking started for endpoint: GET /api/carbon/company/{id}a85e30b217d2e84df9b942/years
2025-08-30 00:54:33 [http-nio-8080-exec-1] DEBUG c.a.g.config.PerformanceInterceptor - Performance tracking completed for endpoint: GET /api/carbon/company/{id}a85e30b217d2e84df9b942/years - 10ms
2025-08-30 00:54:33 [http-nio-8080-exec-7] DEBUG c.a.g.config.PerformanceInterceptor - Performance tracking started for endpoint: GET /api/carbon/company/{id}a85e30b217d2e84df9b942/years
2025-08-30 00:54:33 [http-nio-8080-exec-7] DEBUG c.a.g.config.PerformanceInterceptor - Performance tracking completed for endpoint: GET /api/carbon/company/{id}a85e30b217d2e84df9b942/years - 7ms
2025-08-30 00:55:24 [scheduling-1] INFO  c.a.g.s.PerformanceMonitoringService - === PERFORMANCE METRICS ===
2025-08-30 00:55:24 [scheduling-1] INFO  c.a.g.s.PerformanceMonitoringService - Total Requests: 9
2025-08-30 00:55:24 [scheduling-1] INFO  c.a.g.s.PerformanceMonitoringService - Cache Hit Rate: 0.0%
2025-08-30 00:55:24 [scheduling-1] INFO  c.a.g.s.PerformanceMonitoringService - Redis Operations: 0
2025-08-30 00:55:24 [scheduling-1] INFO  c.a.g.s.PerformanceMonitoringService - Redis Status: healthy
2025-08-30 00:55:24 [scheduling-1] INFO  c.a.g.s.PerformanceMonitoringService - Redis Response Time: 1ms
2025-08-30 00:55:24 [scheduling-1] INFO  c.a.g.s.PerformanceMonitoringService - === ENDPOINT PERFORMANCE ===
2025-08-30 00:55:24 [scheduling-1] INFO  c.a.g.s.PerformanceMonitoringService - GET /api/carbon/goals/submittedMonths: 2 requests, avg 17ms
2025-08-30 00:55:24 [scheduling-1] INFO  c.a.g.s.PerformanceMonitoringService - GET /api/carbon/company/{id}a85e30b217d2e84df9b942/years: 4 requests, avg 15ms
2025-08-30 00:55:24 [scheduling-1] INFO  c.a.g.s.PerformanceMonitoringService - POST /api/auth/login: 1 requests, avg 1318ms
2025-08-30 00:55:24 [scheduling-1] INFO  c.a.g.s.PerformanceMonitoringService - GET /api/carbon/submitted-months: 2 requests, avg 20ms
2025-08-30 00:59:01 [http-nio-8080-exec-4] DEBUG c.a.g.config.PerformanceInterceptor - Performance tracking started for endpoint: GET /api/carbon/company/{id}a85e30b217d2e84df9b942/years
2025-08-30 00:59:01 [http-nio-8080-exec-4] DEBUG c.a.g.config.PerformanceInterceptor - Performance tracking completed for endpoint: GET /api/carbon/company/{id}a85e30b217d2e84df9b942/years - 7ms
2025-08-30 00:59:01 [http-nio-8080-exec-6] DEBUG c.a.g.config.PerformanceInterceptor - Performance tracking started for endpoint: GET /api/carbon/company/{id}a85e30b217d2e84df9b942/years
2025-08-30 00:59:01 [http-nio-8080-exec-6] DEBUG c.a.g.config.PerformanceInterceptor - Performance tracking completed for endpoint: GET /api/carbon/company/{id}a85e30b217d2e84df9b942/years - 5ms
2025-08-30 00:59:22 [http-nio-8080-exec-7] DEBUG c.a.g.config.PerformanceInterceptor - Performance tracking started for endpoint: GET /api/carbon/company/{id}a85e30b217d2e84df9b942/breakdown
2025-08-30 00:59:22 [http-nio-8080-exec-1] DEBUG c.a.g.config.PerformanceInterceptor - Performance tracking started for endpoint: GET /api/carbon/goals/monthly
2025-08-30 00:59:22 [http-nio-8080-exec-7] DEBUG c.a.g.config.PerformanceInterceptor - Performance tracking completed for endpoint: GET /api/carbon/company/{id}a85e30b217d2e84df9b942/breakdown - 11ms
2025-08-30 00:59:22 [http-nio-8080-exec-1] DEBUG c.a.g.config.PerformanceInterceptor - Performance tracking completed for endpoint: GET /api/carbon/goals/monthly - 13ms
2025-08-30 00:59:24 [http-nio-8080-exec-4] DEBUG c.a.g.config.PerformanceInterceptor - Performance tracking started for endpoint: GET /api/carbon/goals/monthly
2025-08-30 00:59:24 [http-nio-8080-exec-6] DEBUG c.a.g.config.PerformanceInterceptor - Performance tracking started for endpoint: GET /api/carbon/company/{id}a85e30b217d2e84df9b942/breakdown
2025-08-30 00:59:24 [http-nio-8080-exec-6] DEBUG c.a.g.config.PerformanceInterceptor - Performance tracking completed for endpoint: GET /api/carbon/company/{id}a85e30b217d2e84df9b942/breakdown - 9ms
2025-08-30 00:59:24 [http-nio-8080-exec-4] DEBUG c.a.g.config.PerformanceInterceptor - Performance tracking completed for endpoint: GET /api/carbon/goals/monthly - 25ms
2025-08-30 01:00:24 [http-nio-8080-exec-9] DEBUG c.a.g.config.PerformanceInterceptor - Performance tracking started for endpoint: GET /api/carbon/submitted-months
2025-08-30 01:00:24 [http-nio-8080-exec-9] DEBUG c.a.g.config.PerformanceInterceptor - Performance tracking completed for endpoint: GET /api/carbon/submitted-months - 14ms
2025-08-30 01:00:24 [http-nio-8080-exec-10] DEBUG c.a.g.config.PerformanceInterceptor - Performance tracking started for endpoint: GET /api/carbon/submitted-months
2025-08-30 01:00:24 [http-nio-8080-exec-10] DEBUG c.a.g.config.PerformanceInterceptor - Performance tracking completed for endpoint: GET /api/carbon/submitted-months - 12ms
2025-08-30 01:00:24 [scheduling-1] INFO  c.a.g.s.PerformanceMonitoringService - === PERFORMANCE METRICS ===
2025-08-30 01:00:24 [scheduling-1] INFO  c.a.g.s.PerformanceMonitoringService - Total Requests: 17
2025-08-30 01:00:24 [scheduling-1] INFO  c.a.g.s.PerformanceMonitoringService - Cache Hit Rate: 0.0%
2025-08-30 01:00:24 [scheduling-1] INFO  c.a.g.s.PerformanceMonitoringService - Redis Operations: 0
2025-08-30 01:00:24 [scheduling-1] INFO  c.a.g.s.PerformanceMonitoringService - Redis Status: healthy
2025-08-30 01:00:24 [scheduling-1] INFO  c.a.g.s.PerformanceMonitoringService - Redis Response Time: 3ms
2025-08-30 01:00:24 [scheduling-1] INFO  c.a.g.s.PerformanceMonitoringService - === ENDPOINT PERFORMANCE ===
2025-08-30 01:00:24 [scheduling-1] INFO  c.a.g.s.PerformanceMonitoringService - GET /api/carbon/goals/submittedMonths: 2 requests, avg 17ms
2025-08-30 01:00:24 [scheduling-1] INFO  c.a.g.s.PerformanceMonitoringService - POST /api/auth/login: 1 requests, avg 1318ms
2025-08-30 01:00:24 [scheduling-1] INFO  c.a.g.s.PerformanceMonitoringService - GET /api/carbon/company/{id}a85e30b217d2e84df9b942/breakdown: 2 requests, avg 10ms
2025-08-30 01:00:24 [scheduling-1] INFO  c.a.g.s.PerformanceMonitoringService - GET /api/carbon/company/{id}a85e30b217d2e84df9b942/years: 6 requests, avg 12ms
2025-08-30 01:00:24 [scheduling-1] INFO  c.a.g.s.PerformanceMonitoringService - GET /api/carbon/submitted-months: 4 requests, avg 17ms
2025-08-30 01:00:24 [scheduling-1] INFO  c.a.g.s.PerformanceMonitoringService - GET /api/carbon/goals/monthly: 2 requests, avg 19ms
2025-08-30 01:00:28 [http-nio-8080-exec-7] DEBUG c.a.g.config.PerformanceInterceptor - Performance tracking started for endpoint: GET /api/carbon/company/{id}a85e30b217d2e84df9b942/years
2025-08-30 01:00:28 [http-nio-8080-exec-7] DEBUG c.a.g.config.PerformanceInterceptor - Performance tracking completed for endpoint: GET /api/carbon/company/{id}a85e30b217d2e84df9b942/years - 9ms
2025-08-30 01:00:28 [http-nio-8080-exec-1] DEBUG c.a.g.config.PerformanceInterceptor - Performance tracking started for endpoint: GET /api/carbon/company/{id}a85e30b217d2e84df9b942/years
2025-08-30 01:00:28 [http-nio-8080-exec-1] DEBUG c.a.g.config.PerformanceInterceptor - Performance tracking completed for endpoint: GET /api/carbon/company/{id}a85e30b217d2e84df9b942/years - 7ms
2025-08-30 01:00:35 [http-nio-8080-exec-5] DEBUG c.a.g.config.PerformanceInterceptor - Performance tracking started for endpoint: GET /api/ai/conversation/persistent/{id}a85e31b217d2e84df9b943
2025-08-30 01:00:35 [http-nio-8080-exec-5] DEBUG c.a.g.c.ConversationController - Getting persistent conversation ID for user: 68a85e31b217d2e84df9b943
2025-08-30 01:00:35 [http-nio-8080-exec-5] DEBUG c.a.g.s.ConversationUtilService - Generated persistent conversation ID: 68a85e31b217d2e84df9_persistent for user: 68a85e31b217d2e84df9b943
2025-08-30 01:00:35 [http-nio-8080-exec-9] DEBUG c.a.g.config.PerformanceInterceptor - Performance tracking started for endpoint: POST /api/auth/refresh
2025-08-30 01:00:35 [http-nio-8080-exec-2] DEBUG c.a.g.config.PerformanceInterceptor - Performance tracking started for endpoint: POST /api/auth/refresh
2025-08-30 01:00:35 [http-nio-8080-exec-5] DEBUG c.a.g.c.ConversationController - Persistent conversation ID: 68a85e31b217d2e84df9_persistent for user: 68a85e31b217d2e84df9b943 (isNew: false)
2025-08-30 01:00:35 [http-nio-8080-exec-5] DEBUG c.a.g.config.PerformanceInterceptor - Performance tracking completed for endpoint: GET /api/ai/conversation/persistent/{id}a85e31b217d2e84df9b943 - 34ms
2025-08-30 01:00:35 [http-nio-8080-exec-9] DEBUG c.a.g.config.PerformanceInterceptor - Performance tracking completed for endpoint: POST /api/auth/refresh - 18ms
2025-08-30 01:00:35 [http-nio-8080-exec-2] DEBUG c.a.g.config.PerformanceInterceptor - Performance tracking completed for endpoint: POST /api/auth/refresh - 20ms
2025-08-30 01:00:35 [http-nio-8080-exec-10] DEBUG c.a.g.config.PerformanceInterceptor - Performance tracking started for endpoint: GET /api/ai/conversation/persistent/{id}a85e31b217d2e84df9b943
2025-08-30 01:00:35 [http-nio-8080-exec-10] DEBUG c.a.g.c.ConversationController - Getting persistent conversation ID for user: 68a85e31b217d2e84df9b943
2025-08-30 01:00:35 [http-nio-8080-exec-10] DEBUG c.a.g.s.ConversationUtilService - Generated persistent conversation ID: 68a85e31b217d2e84df9_persistent for user: 68a85e31b217d2e84df9b943
2025-08-30 01:00:35 [http-nio-8080-exec-10] DEBUG c.a.g.c.ConversationController - Persistent conversation ID: 68a85e31b217d2e84df9_persistent for user: 68a85e31b217d2e84df9b943 (isNew: false)
2025-08-30 01:00:35 [http-nio-8080-exec-7] DEBUG c.a.g.config.PerformanceInterceptor - Performance tracking started for endpoint: GET /api/ai/conversation/{id}a85e31b217d2e84df9_persistent/history
2025-08-30 01:00:35 [http-nio-8080-exec-10] DEBUG c.a.g.config.PerformanceInterceptor - Performance tracking completed for endpoint: GET /api/ai/conversation/persistent/{id}a85e31b217d2e84df9b943 - 9ms
2025-08-30 01:00:35 [http-nio-8080-exec-7] DEBUG c.a.g.c.ConversationController - Getting chat history for conversation: 68a85e31b217d2e84df9_persistent (user: 68a85e31b217d2e84df9b943)
2025-08-30 01:00:35 [http-nio-8080-exec-8] DEBUG c.a.g.config.PerformanceInterceptor - Performance tracking started for endpoint: GET /api/credits/balance
2025-08-30 01:00:35 [http-nio-8080-exec-6] DEBUG c.a.g.config.PerformanceInterceptor - Performance tracking started for endpoint: GET /api/credits/balance
2025-08-30 01:00:35 [http-nio-8080-exec-7] DEBUG c.a.g.c.ConversationController - getContent() method not available, trying alternatives
2025-08-30 01:00:35 [http-nio-8080-exec-7] DEBUG c.a.g.c.ConversationController - getContent() method not available, trying alternatives
2025-08-30 01:00:35 [http-nio-8080-exec-7] DEBUG c.a.g.c.ConversationController - getContent() method not available, trying alternatives
2025-08-30 01:00:35 [http-nio-8080-exec-7] DEBUG c.a.g.c.ConversationController - getContent() method not available, trying alternatives
2025-08-30 01:00:35 [http-nio-8080-exec-7] DEBUG c.a.g.c.ConversationController - getContent() method not available, trying alternatives
2025-08-30 01:00:35 [http-nio-8080-exec-7] DEBUG c.a.g.c.ConversationController - getContent() method not available, trying alternatives
2025-08-30 01:00:35 [http-nio-8080-exec-7] DEBUG c.a.g.c.ConversationController - getContent() method not available, trying alternatives
2025-08-30 01:00:35 [http-nio-8080-exec-7] DEBUG c.a.g.c.ConversationController - getContent() method not available, trying alternatives
2025-08-30 01:00:35 [http-nio-8080-exec-7] DEBUG c.a.g.c.ConversationController - getContent() method not available, trying alternatives
2025-08-30 01:00:35 [http-nio-8080-exec-7] DEBUG c.a.g.c.ConversationController - getContent() method not available, trying alternatives
2025-08-30 01:00:35 [http-nio-8080-exec-7] DEBUG c.a.g.c.ConversationController - getContent() method not available, trying alternatives
2025-08-30 01:00:35 [http-nio-8080-exec-7] DEBUG c.a.g.c.ConversationController - getContent() method not available, trying alternatives
2025-08-30 01:00:35 [http-nio-8080-exec-7] DEBUG c.a.g.c.ConversationController - getContent() method not available, trying alternatives
2025-08-30 01:00:35 [http-nio-8080-exec-7] DEBUG c.a.g.c.ConversationController - getContent() method not available, trying alternatives
2025-08-30 01:00:35 [http-nio-8080-exec-7] DEBUG c.a.g.c.ConversationController - getContent() method not available, trying alternatives
2025-08-30 01:00:35 [http-nio-8080-exec-7] DEBUG c.a.g.c.ConversationController - getContent() method not available, trying alternatives
2025-08-30 01:00:35 [http-nio-8080-exec-7] DEBUG c.a.g.c.ConversationController - getContent() method not available, trying alternatives
2025-08-30 01:00:35 [http-nio-8080-exec-7] DEBUG c.a.g.c.ConversationController - getContent() method not available, trying alternatives
2025-08-30 01:00:35 [http-nio-8080-exec-7] DEBUG c.a.g.c.ConversationController - getContent() method not available, trying alternatives
2025-08-30 01:00:35 [http-nio-8080-exec-7] DEBUG c.a.g.c.ConversationController - getContent() method not available, trying alternatives
2025-08-30 01:00:35 [http-nio-8080-exec-7] DEBUG c.a.g.c.ConversationController - Returning 20 messages for conversation: 68a85e31b217d2e84df9_persistent
2025-08-30 01:00:35 [http-nio-8080-exec-7] DEBUG c.a.g.config.PerformanceInterceptor - Performance tracking completed for endpoint: GET /api/ai/conversation/{id}a85e31b217d2e84df9_persistent/history - 30ms
2025-08-30 01:00:35 [http-nio-8080-exec-4] DEBUG c.a.g.config.PerformanceInterceptor - Performance tracking started for endpoint: GET /api/ai/conversation/{id}a85e31b217d2e84df9_persistent/history
2025-08-30 01:00:35 [http-nio-8080-exec-4] DEBUG c.a.g.c.ConversationController - Getting chat history for conversation: 68a85e31b217d2e84df9_persistent (user: 68a85e31b217d2e84df9b943)
2025-08-30 01:00:35 [http-nio-8080-exec-4] DEBUG c.a.g.c.ConversationController - getContent() method not available, trying alternatives
2025-08-30 01:00:35 [http-nio-8080-exec-4] DEBUG c.a.g.c.ConversationController - getContent() method not available, trying alternatives
2025-08-30 01:00:35 [http-nio-8080-exec-4] DEBUG c.a.g.c.ConversationController - getContent() method not available, trying alternatives
2025-08-30 01:00:35 [http-nio-8080-exec-4] DEBUG c.a.g.c.ConversationController - getContent() method not available, trying alternatives
2025-08-30 01:00:35 [http-nio-8080-exec-4] DEBUG c.a.g.c.ConversationController - getContent() method not available, trying alternatives
2025-08-30 01:00:35 [http-nio-8080-exec-4] DEBUG c.a.g.c.ConversationController - getContent() method not available, trying alternatives
2025-08-30 01:00:35 [http-nio-8080-exec-4] DEBUG c.a.g.c.ConversationController - getContent() method not available, trying alternatives
2025-08-30 01:00:35 [http-nio-8080-exec-4] DEBUG c.a.g.c.ConversationController - getContent() method not available, trying alternatives
2025-08-30 01:00:35 [http-nio-8080-exec-6] DEBUG c.a.g.config.PerformanceInterceptor - Performance tracking completed for endpoint: GET /api/credits/balance - 33ms
2025-08-30 01:00:35 [http-nio-8080-exec-8] DEBUG c.a.g.config.PerformanceInterceptor - Performance tracking completed for endpoint: GET /api/credits/balance - 33ms
2025-08-30 01:00:35 [http-nio-8080-exec-4] DEBUG c.a.g.c.ConversationController - getContent() method not available, trying alternatives
2025-08-30 01:00:35 [http-nio-8080-exec-4] DEBUG c.a.g.c.ConversationController - getContent() method not available, trying alternatives
2025-08-30 01:00:35 [http-nio-8080-exec-4] DEBUG c.a.g.c.ConversationController - getContent() method not available, trying alternatives
2025-08-30 01:00:35 [http-nio-8080-exec-4] DEBUG c.a.g.c.ConversationController - getContent() method not available, trying alternatives
2025-08-30 01:00:35 [http-nio-8080-exec-4] DEBUG c.a.g.c.ConversationController - getContent() method not available, trying alternatives
2025-08-30 01:00:35 [http-nio-8080-exec-4] DEBUG c.a.g.c.ConversationController - getContent() method not available, trying alternatives
2025-08-30 01:00:35 [http-nio-8080-exec-4] DEBUG c.a.g.c.ConversationController - getContent() method not available, trying alternatives
2025-08-30 01:00:35 [http-nio-8080-exec-4] DEBUG c.a.g.c.ConversationController - getContent() method not available, trying alternatives
2025-08-30 01:00:35 [http-nio-8080-exec-4] DEBUG c.a.g.c.ConversationController - getContent() method not available, trying alternatives
2025-08-30 01:00:35 [http-nio-8080-exec-4] DEBUG c.a.g.c.ConversationController - getContent() method not available, trying alternatives
2025-08-30 01:00:35 [http-nio-8080-exec-4] DEBUG c.a.g.c.ConversationController - getContent() method not available, trying alternatives
2025-08-30 01:00:35 [http-nio-8080-exec-4] DEBUG c.a.g.c.ConversationController - getContent() method not available, trying alternatives
2025-08-30 01:00:35 [http-nio-8080-exec-4] DEBUG c.a.g.c.ConversationController - Returning 20 messages for conversation: 68a85e31b217d2e84df9_persistent
2025-08-30 01:00:35 [http-nio-8080-exec-4] DEBUG c.a.g.config.PerformanceInterceptor - Performance tracking completed for endpoint: GET /api/ai/conversation/{id}a85e31b217d2e84df9_persistent/history - 32ms
2025-08-30 01:00:38 [http-nio-8080-exec-2] DEBUG c.a.g.config.PerformanceInterceptor - Performance tracking started for endpoint: GET /api/public/company/users
2025-08-30 01:00:38 [http-nio-8080-exec-2] DEBUG c.a.g.config.PerformanceInterceptor - Performance tracking completed for endpoint: GET /api/public/company/users - 27ms
2025-08-30 01:00:38 [http-nio-8080-exec-1] DEBUG c.a.g.config.PerformanceInterceptor - Performance tracking started for endpoint: GET /api/public/company/users
2025-08-30 01:00:38 [http-nio-8080-exec-1] DEBUG c.a.g.config.PerformanceInterceptor - Performance tracking completed for endpoint: GET /api/public/company/users - 12ms
2025-08-30 01:00:45 [http-nio-8080-exec-7] DEBUG c.a.g.config.PerformanceInterceptor - Performance tracking started for endpoint: GET /api/owner/pending-users
2025-08-30 01:00:45 [http-nio-8080-exec-7] DEBUG c.a.g.config.PerformanceInterceptor - Performance tracking completed for endpoint: GET /api/owner/pending-users - 11ms
2025-08-30 01:00:45 [http-nio-8080-exec-8] DEBUG c.a.g.config.PerformanceInterceptor - Performance tracking started for endpoint: GET /api/owner/pending-users
2025-08-30 01:00:45 [http-nio-8080-exec-8] DEBUG c.a.g.config.PerformanceInterceptor - Performance tracking completed for endpoint: GET /api/owner/pending-users - 9ms
2025-08-30 01:01:44 [http-nio-8080-exec-2] DEBUG c.a.g.config.PerformanceInterceptor - Performance tracking started for endpoint: GET /api/owner/pending-users
2025-08-30 01:01:44 [http-nio-8080-exec-2] DEBUG c.a.g.config.PerformanceInterceptor - Performance tracking completed for endpoint: GET /api/owner/pending-users - 9ms
2025-08-30 01:02:28 [http-nio-8080-exec-3] DEBUG c.a.g.config.PerformanceInterceptor - Performance tracking started for endpoint: GET /api/owner/pending-users
2025-08-30 01:02:28 [http-nio-8080-exec-3] DEBUG c.a.g.config.PerformanceInterceptor - Performance tracking completed for endpoint: GET /api/owner/pending-users - 12ms
2025-08-30 01:02:42 [http-nio-8080-exec-10] DEBUG c.a.g.config.PerformanceInterceptor - Performance tracking started for endpoint: GET /api/carbon/submitted-months
2025-08-30 01:02:42 [http-nio-8080-exec-10] DEBUG c.a.g.config.PerformanceInterceptor - Performance tracking completed for endpoint: GET /api/carbon/submitted-months - 9ms
2025-08-30 01:02:42 [http-nio-8080-exec-7] DEBUG c.a.g.config.PerformanceInterceptor - Performance tracking started for endpoint: GET /api/carbon/submitted-months
2025-08-30 01:02:42 [http-nio-8080-exec-7] DEBUG c.a.g.config.PerformanceInterceptor - Performance tracking completed for endpoint: GET /api/carbon/submitted-months - 9ms
2025-08-30 01:02:44 [http-nio-8080-exec-8] DEBUG c.a.g.config.PerformanceInterceptor - Performance tracking started for endpoint: GET /api/carbon/company/{id}a85e30b217d2e84df9b942/years
2025-08-30 01:02:44 [http-nio-8080-exec-8] DEBUG c.a.g.config.PerformanceInterceptor - Performance tracking completed for endpoint: GET /api/carbon/company/{id}a85e30b217d2e84df9b942/years - 6ms
2025-08-30 01:02:44 [http-nio-8080-exec-4] DEBUG c.a.g.config.PerformanceInterceptor - Performance tracking started for endpoint: GET /api/carbon/company/{id}a85e30b217d2e84df9b942/years
2025-08-30 01:02:44 [http-nio-8080-exec-4] DEBUG c.a.g.config.PerformanceInterceptor - Performance tracking completed for endpoint: GET /api/carbon/company/{id}a85e30b217d2e84df9b942/years - 5ms
2025-08-30 01:04:19 [http-nio-8080-exec-5] DEBUG c.a.g.config.PerformanceInterceptor - Performance tracking started for endpoint: GET /api/public/companies
2025-08-30 01:04:19 [http-nio-8080-exec-5] DEBUG c.a.g.config.PerformanceInterceptor - Performance tracking completed for endpoint: GET /api/public/companies - 18ms
2025-08-30 01:04:21 [http-nio-8080-exec-7] DEBUG c.a.g.config.PerformanceInterceptor - Performance tracking started for endpoint: POST /api/auth/register
2025-08-30 01:04:22 [http-nio-8080-exec-7] INFO  c.a.g.service.AuthService - Pending approval: New user travis@gmail.com needs approval
2025-08-30 01:04:22 [http-nio-8080-exec-7] INFO  c.a.g.service.AuthService - User registered: travis@gmail.com (68b1f2ae3b6cacd9d7b4461b) with company: willow. Rejection count: 0
2025-08-30 01:04:22 [http-nio-8080-exec-7] DEBUG c.a.g.config.PerformanceInterceptor - Performance tracking completed for endpoint: POST /api/auth/register - 644ms
2025-08-30 01:04:23 [http-nio-8080-exec-8] DEBUG c.a.g.config.PerformanceInterceptor - Performance tracking started for endpoint: GET /api/public/companies/{id}a85e30b217d2e84df9b942
2025-08-30 01:04:23 [http-nio-8080-exec-8] DEBUG c.a.g.config.PerformanceInterceptor - Performance tracking completed for endpoint: GET /api/public/companies/{id}a85e30b217d2e84df9b942 - 9ms
2025-08-30 01:04:23 [http-nio-8080-exec-4] DEBUG c.a.g.config.PerformanceInterceptor - Performance tracking started for endpoint: GET /api/public/companies/{id}a85e30b217d2e84df9b942
2025-08-30 01:04:24 [http-nio-8080-exec-4] DEBUG c.a.g.config.PerformanceInterceptor - Performance tracking completed for endpoint: GET /api/public/companies/{id}a85e30b217d2e84df9b942 - 6ms
2025-08-30 01:05:04 [http-nio-8080-exec-5] DEBUG c.a.g.config.PerformanceInterceptor - Performance tracking started for endpoint: GET /api/public/companies
2025-08-30 01:05:04 [http-nio-8080-exec-5] DEBUG c.a.g.config.PerformanceInterceptor - Performance tracking completed for endpoint: GET /api/public/companies - 9ms
2025-08-30 01:05:24 [scheduling-1] INFO  c.a.g.s.PerformanceMonitoringService - === PERFORMANCE METRICS ===
2025-08-30 01:05:24 [scheduling-1] INFO  c.a.g.s.PerformanceMonitoringService - Total Requests: 42
2025-08-30 01:05:24 [scheduling-1] INFO  c.a.g.s.PerformanceMonitoringService - Cache Hit Rate: 0.0%
2025-08-30 01:05:24 [scheduling-1] INFO  c.a.g.s.PerformanceMonitoringService - Redis Operations: 0
2025-08-30 01:05:24 [scheduling-1] INFO  c.a.g.s.PerformanceMonitoringService - Redis Status: healthy
2025-08-30 01:05:24 [scheduling-1] INFO  c.a.g.s.PerformanceMonitoringService - Redis Response Time: 1ms
2025-08-30 01:05:24 [scheduling-1] INFO  c.a.g.s.PerformanceMonitoringService - === ENDPOINT PERFORMANCE ===
2025-08-30 01:05:24 [scheduling-1] INFO  c.a.g.s.PerformanceMonitoringService - GET /api/carbon/goals/submittedMonths: 2 requests, avg 17ms
2025-08-30 01:05:24 [scheduling-1] INFO  c.a.g.s.PerformanceMonitoringService - GET /api/owner/pending-users: 4 requests, avg 10ms
2025-08-30 01:05:24 [scheduling-1] INFO  c.a.g.s.PerformanceMonitoringService - POST /api/auth/register: 1 requests, avg 644ms
2025-08-30 01:05:24 [scheduling-1] INFO  c.a.g.s.PerformanceMonitoringService - GET /api/carbon/company/{id}a85e30b217d2e84df9b942/breakdown: 2 requests, avg 10ms
2025-08-30 01:05:24 [scheduling-1] INFO  c.a.g.s.PerformanceMonitoringService - GET /api/public/company/users: 2 requests, avg 20ms
2025-08-30 01:05:24 [scheduling-1] INFO  c.a.g.s.PerformanceMonitoringService - GET /api/carbon/goals/monthly: 2 requests, avg 19ms
2025-08-30 01:05:24 [scheduling-1] INFO  c.a.g.s.PerformanceMonitoringService - GET /api/ai/conversation/persistent/{id}a85e31b217d2e84df9b943: 2 requests, avg 22ms
2025-08-30 01:05:24 [scheduling-1] INFO  c.a.g.s.PerformanceMonitoringService - GET /api/ai/conversation/{id}a85e31b217d2e84df9_persistent/history: 2 requests, avg 31ms
2025-08-30 01:05:24 [scheduling-1] INFO  c.a.g.s.PerformanceMonitoringService - GET /api/public/companies/{id}a85e30b217d2e84df9b942: 2 requests, avg 8ms
2025-08-30 01:05:24 [scheduling-1] INFO  c.a.g.s.PerformanceMonitoringService - POST /api/auth/login: 1 requests, avg 1318ms
2025-08-30 01:05:24 [scheduling-1] INFO  c.a.g.s.PerformanceMonitoringService - GET /api/public/companies: 2 requests, avg 14ms
2025-08-30 01:05:24 [scheduling-1] INFO  c.a.g.s.PerformanceMonitoringService - GET /api/credits/balance: 2 requests, avg 33ms
2025-08-30 01:05:24 [scheduling-1] INFO  c.a.g.s.PerformanceMonitoringService - GET /api/carbon/company/{id}a85e30b217d2e84df9b942/years: 10 requests, avg 10ms
2025-08-30 01:05:24 [scheduling-1] INFO  c.a.g.s.PerformanceMonitoringService - GET /api/carbon/submitted-months: 6 requests, avg 14ms
2025-08-30 01:05:24 [scheduling-1] INFO  c.a.g.s.PerformanceMonitoringService - POST /api/auth/refresh: 2 requests, avg 19ms
2025-08-30 01:05:28 [http-nio-8080-exec-4] DEBUG c.a.g.config.PerformanceInterceptor - Performance tracking started for endpoint: POST /api/auth/register
2025-08-30 01:05:29 [http-nio-8080-exec-4] INFO  c.a.g.service.AuthService - Pending approval: New user wthuthu47@gmail.com needs approval
2025-08-30 01:05:29 [http-nio-8080-exec-4] INFO  c.a.g.service.AuthService - User registered: wthuthu47@gmail.com (68b1f2f13b6cacd9d7b4461c) with company: willow. Rejection count: 0
2025-08-30 01:05:29 [http-nio-8080-exec-4] DEBUG c.a.g.config.PerformanceInterceptor - Performance tracking completed for endpoint: POST /api/auth/register - 666ms
2025-08-30 01:05:29 [http-nio-8080-exec-6] DEBUG c.a.g.config.PerformanceInterceptor - Performance tracking started for endpoint: GET /api/public/companies/{id}a85e30b217d2e84df9b942
2025-08-30 01:05:29 [http-nio-8080-exec-6] DEBUG c.a.g.config.PerformanceInterceptor - Performance tracking completed for endpoint: GET /api/public/companies/{id}a85e30b217d2e84df9b942 - 8ms
2025-08-30 01:05:29 [http-nio-8080-exec-9] DEBUG c.a.g.config.PerformanceInterceptor - Performance tracking started for endpoint: GET /api/public/companies/{id}a85e30b217d2e84df9b942
2025-08-30 01:05:29 [http-nio-8080-exec-9] DEBUG c.a.g.config.PerformanceInterceptor - Performance tracking completed for endpoint: GET /api/public/companies/{id}a85e30b217d2e84df9b942 - 7ms
2025-08-30 01:06:33 [http-nio-8080-exec-1] DEBUG c.a.g.config.PerformanceInterceptor - Performance tracking started for endpoint: POST /api/auth/login
2025-08-30 01:06:34 [http-nio-8080-exec-1] DEBUG c.a.g.config.PerformanceInterceptor - Performance tracking completed for endpoint: POST /api/auth/login - 472ms
2025-08-30 01:06:34 [http-nio-8080-exec-3] DEBUG c.a.g.config.PerformanceInterceptor - Performance tracking started for endpoint: GET /api/public/companies/{id}a85e30b217d2e84df9b942
2025-08-30 01:06:34 [http-nio-8080-exec-3] DEBUG c.a.g.config.PerformanceInterceptor - Performance tracking completed for endpoint: GET /api/public/companies/{id}a85e30b217d2e84df9b942 - 5ms
2025-08-30 01:06:34 [http-nio-8080-exec-3] DEBUG c.a.g.config.PerformanceInterceptor - Performance tracking started for endpoint: GET /api/public/companies/{id}a85e30b217d2e84df9b942
2025-08-30 01:06:34 [http-nio-8080-exec-3] DEBUG c.a.g.config.PerformanceInterceptor - Performance tracking completed for endpoint: GET /api/public/companies/{id}a85e30b217d2e84df9b942 - 3ms
2025-08-30 01:07:01 [http-nio-8080-exec-4] DEBUG c.a.g.config.PerformanceInterceptor - Performance tracking started for endpoint: POST /api/auth/login
2025-08-30 01:07:01 [http-nio-8080-exec-4] DEBUG c.a.g.config.PerformanceInterceptor - Performance tracking completed for endpoint: POST /api/auth/login - 596ms
2025-08-30 01:07:02 [http-nio-8080-exec-6] DEBUG c.a.g.config.PerformanceInterceptor - Performance tracking started for endpoint: GET /api/carbon/company/{id}a85e30b217d2e84df9b942/years
2025-08-30 01:07:02 [http-nio-8080-exec-6] DEBUG c.a.g.config.PerformanceInterceptor - Performance tracking completed for endpoint: GET /api/carbon/company/{id}a85e30b217d2e84df9b942/years - 13ms
2025-08-30 01:07:02 [http-nio-8080-exec-9] DEBUG c.a.g.config.PerformanceInterceptor - Performance tracking started for endpoint: GET /api/carbon/company/{id}a85e30b217d2e84df9b942/years
2025-08-30 01:07:02 [http-nio-8080-exec-9] DEBUG c.a.g.config.PerformanceInterceptor - Performance tracking completed for endpoint: GET /api/carbon/company/{id}a85e30b217d2e84df9b942/years - 5ms
2025-08-30 01:07:05 [http-nio-8080-exec-2] DEBUG c.a.g.config.PerformanceInterceptor - Performance tracking started for endpoint: GET /api/owner/pending-users
2025-08-30 01:07:05 [http-nio-8080-exec-2] DEBUG c.a.g.config.PerformanceInterceptor - Performance tracking completed for endpoint: GET /api/owner/pending-users - 9ms
2025-08-30 01:07:05 [http-nio-8080-exec-5] DEBUG c.a.g.config.PerformanceInterceptor - Performance tracking started for endpoint: GET /api/owner/pending-users
2025-08-30 01:07:05 [http-nio-8080-exec-5] DEBUG c.a.g.config.PerformanceInterceptor - Performance tracking completed for endpoint: GET /api/owner/pending-users - 8ms
2025-08-30 01:07:15 [http-nio-8080-exec-10] DEBUG c.a.g.config.PerformanceInterceptor - Performance tracking started for endpoint: POST /api/owner/reject-user/{id}b1f2f13b6cacd9d7b4461c
2025-08-30 01:07:15 [http-nio-8080-exec-10] INFO  c.a.g.service.OwnerService - User wthuthu47@gmail.com rejected by taylor@gmail.com for company willow. Rejection count: 1
2025-08-30 01:07:15 [http-nio-8080-exec-10] INFO  c.a.g.service.NotificationService - Sending rejection notification to user: wthuthu47@gmail.com for company: willow
2025-08-30 01:07:15 [http-nio-8080-exec-10] INFO  c.a.g.service.NotificationService - Rejection notification sent to: wthuthu47@gmail.com
2025-08-30 01:07:15 [http-nio-8080-exec-10] DEBUG c.a.g.config.PerformanceInterceptor - Performance tracking completed for endpoint: POST /api/owner/reject-user/{id}b1f2f13b6cacd9d7b4461c - 21ms
2025-08-30 01:07:30 [http-nio-8080-exec-8] DEBUG c.a.g.config.PerformanceInterceptor - Performance tracking started for endpoint: POST /api/auth/login
2025-08-30 01:07:30 [http-nio-8080-exec-8] DEBUG c.a.g.config.PerformanceInterceptor - Performance tracking completed for endpoint: POST /api/auth/login - 583ms
2025-08-30 01:07:33 [http-nio-8080-exec-7] DEBUG c.a.g.config.PerformanceInterceptor - Performance tracking started for endpoint: GET /api/public/companies
2025-08-30 01:07:33 [http-nio-8080-exec-7] DEBUG c.a.g.config.PerformanceInterceptor - Performance tracking completed for endpoint: GET /api/public/companies - 5ms
2025-08-30 01:07:33 [http-nio-8080-exec-4] DEBUG c.a.g.config.PerformanceInterceptor - Performance tracking started for endpoint: GET /api/public/companies
2025-08-30 01:07:33 [http-nio-8080-exec-4] DEBUG c.a.g.config.PerformanceInterceptor - Performance tracking completed for endpoint: GET /api/public/companies - 5ms
2025-08-30 01:07:41 [http-nio-8080-exec-6] DEBUG c.a.g.config.PerformanceInterceptor - Performance tracking started for endpoint: GET /api/public/companies
2025-08-30 01:07:41 [http-nio-8080-exec-6] DEBUG c.a.g.config.PerformanceInterceptor - Performance tracking completed for endpoint: GET /api/public/companies - 7ms
2025-08-30 01:07:41 [http-nio-8080-exec-9] DEBUG c.a.g.config.PerformanceInterceptor - Performance tracking started for endpoint: GET /api/public/companies
2025-08-30 01:07:41 [http-nio-8080-exec-9] DEBUG c.a.g.config.PerformanceInterceptor - Performance tracking completed for endpoint: GET /api/public/companies - 4ms
2025-08-30 01:07:42 [http-nio-8080-exec-2] DEBUG c.a.g.config.PerformanceInterceptor - Performance tracking started for endpoint: GET /api/public/companies
2025-08-30 01:07:42 [http-nio-8080-exec-2] DEBUG c.a.g.config.PerformanceInterceptor - Performance tracking completed for endpoint: GET /api/public/companies - 4ms
2025-08-30 01:07:42 [http-nio-8080-exec-5] DEBUG c.a.g.config.PerformanceInterceptor - Performance tracking started for endpoint: GET /api/public/companies
2025-08-30 01:07:42 [http-nio-8080-exec-5] DEBUG c.a.g.config.PerformanceInterceptor - Performance tracking completed for endpoint: GET /api/public/companies - 6ms
2025-08-30 01:07:42 [http-nio-8080-exec-1] DEBUG c.a.g.config.PerformanceInterceptor - Performance tracking started for endpoint: GET /api/public/companies
2025-08-30 01:07:42 [http-nio-8080-exec-1] DEBUG c.a.g.config.PerformanceInterceptor - Performance tracking completed for endpoint: GET /api/public/companies - 4ms
2025-08-30 01:07:42 [http-nio-8080-exec-10] DEBUG c.a.g.config.PerformanceInterceptor - Performance tracking started for endpoint: GET /api/public/companies
2025-08-30 01:07:42 [http-nio-8080-exec-10] DEBUG c.a.g.config.PerformanceInterceptor - Performance tracking completed for endpoint: GET /api/public/companies - 4ms
2025-08-30 01:07:51 [http-nio-8080-exec-3] DEBUG c.a.g.config.PerformanceInterceptor - Performance tracking started for endpoint: GET /api/public/companies
2025-08-30 01:07:51 [http-nio-8080-exec-3] DEBUG c.a.g.config.PerformanceInterceptor - Performance tracking completed for endpoint: GET /api/public/companies - 5ms
2025-08-30 01:07:52 [http-nio-8080-exec-8] DEBUG c.a.g.config.PerformanceInterceptor - Performance tracking started for endpoint: GET /api/public/companies
2025-08-30 01:07:52 [http-nio-8080-exec-8] DEBUG c.a.g.config.PerformanceInterceptor - Performance tracking completed for endpoint: GET /api/public/companies - 6ms
2025-08-30 01:07:52 [http-nio-8080-exec-7] DEBUG c.a.g.config.PerformanceInterceptor - Performance tracking started for endpoint: GET /api/public/companies
2025-08-30 01:07:52 [http-nio-8080-exec-7] DEBUG c.a.g.config.PerformanceInterceptor - Performance tracking completed for endpoint: GET /api/public/companies - 4ms
2025-08-30 01:07:52 [http-nio-8080-exec-4] DEBUG c.a.g.config.PerformanceInterceptor - Performance tracking started for endpoint: GET /api/public/companies
2025-08-30 01:07:52 [http-nio-8080-exec-4] DEBUG c.a.g.config.PerformanceInterceptor - Performance tracking completed for endpoint: GET /api/public/companies - 3ms
2025-08-30 01:07:52 [http-nio-8080-exec-6] DEBUG c.a.g.config.PerformanceInterceptor - Performance tracking started for endpoint: GET /api/public/companies
2025-08-30 01:07:52 [http-nio-8080-exec-6] DEBUG c.a.g.config.PerformanceInterceptor - Performance tracking completed for endpoint: GET /api/public/companies - 5ms
2025-08-30 01:07:52 [http-nio-8080-exec-9] DEBUG c.a.g.config.PerformanceInterceptor - Performance tracking started for endpoint: GET /api/public/companies
2025-08-30 01:07:52 [http-nio-8080-exec-9] DEBUG c.a.g.config.PerformanceInterceptor - Performance tracking completed for endpoint: GET /api/public/companies - 5ms
2025-08-30 01:07:58 [http-nio-8080-exec-5] DEBUG c.a.g.config.PerformanceInterceptor - Performance tracking started for endpoint: GET /api/public/companies
2025-08-30 01:07:58 [http-nio-8080-exec-5] DEBUG c.a.g.config.PerformanceInterceptor - Performance tracking completed for endpoint: GET /api/public/companies - 7ms
2025-08-30 01:07:58 [http-nio-8080-exec-1] DEBUG c.a.g.config.PerformanceInterceptor - Performance tracking started for endpoint: GET /api/public/companies
2025-08-30 01:07:58 [http-nio-8080-exec-1] DEBUG c.a.g.config.PerformanceInterceptor - Performance tracking completed for endpoint: GET /api/public/companies - 5ms
2025-08-30 01:07:58 [http-nio-8080-exec-10] DEBUG c.a.g.config.PerformanceInterceptor - Performance tracking started for endpoint: GET /api/public/companies
2025-08-30 01:07:58 [http-nio-8080-exec-10] DEBUG c.a.g.config.PerformanceInterceptor - Performance tracking completed for endpoint: GET /api/public/companies - 4ms
2025-08-30 01:07:58 [http-nio-8080-exec-3] DEBUG c.a.g.config.PerformanceInterceptor - Performance tracking started for endpoint: GET /api/public/companies
2025-08-30 01:07:58 [http-nio-8080-exec-3] DEBUG c.a.g.config.PerformanceInterceptor - Performance tracking completed for endpoint: GET /api/public/companies - 5ms
2025-08-30 01:07:59 [http-nio-8080-exec-8] DEBUG c.a.g.config.PerformanceInterceptor - Performance tracking started for endpoint: GET /api/public/companies
2025-08-30 01:07:59 [http-nio-8080-exec-8] DEBUG c.a.g.config.PerformanceInterceptor - Performance tracking completed for endpoint: GET /api/public/companies - 4ms
2025-08-30 01:09:26 [SpringApplicationShutdownHook] INFO  o.s.b.w.e.tomcat.GracefulShutdown - Commencing graceful shutdown. Waiting for active requests to complete
2025-08-30 01:09:26 [tomcat-shutdown] INFO  o.s.b.w.e.tomcat.GracefulShutdown - Graceful shutdown complete
2025-08-30 01:09:26 [SpringApplicationShutdownHook] INFO  o.s.o.j.LocalContainerEntityManagerFactoryBean - Closing JPA EntityManagerFactory for persistence unit 'default'
2025-08-30 01:09:26 [SpringApplicationShutdownHook] INFO  com.zaxxer.hikari.HikariDataSource - HikariPool-1 - Shutdown initiated...
2025-08-30 01:09:26 [SpringApplicationShutdownHook] INFO  com.zaxxer.hikari.HikariDataSource - HikariPool-1 - Shutdown completed.
